<?xml version="1.0" encoding="UTF-8"?>
<!-- Generated by org.testng.reporters.JUnitXMLReporter -->
<testsuite hostname="DESKTOP-C7C24HP" ignored="0" name="RegessionTest" tests="3" failures="0" timestamp="23 Aug 2019 23:10:33 GMT" time="9.059" errors="0">
  <testcase name="UserRegisteSuc" time="4.704" classname="Tests.UserRegisteandLogInOutWorkFlowTest"/>
  <testcase name="UserLogOut" time="1.328" classname="Tests.UserRegisteandLogInOutWorkFlowTest"/>
  <testcase name="UserLogIn" time="3.0" classname="Tests.UserRegisteandLogInOutWorkFlowTest"/>
</testsuite> <!-- RegessionTest -->
